[17:16:58] [main/INFO] [com.velocitypowered.proxy.VelocityServer]: Booting up Velocity 3.5.0-SNAPSHOT (git-c2fd3c07-b576)...
[17:16:58] [main/INFO] [com.velocitypowered.proxy.network.ConnectionManager]: Connections will use epoll channels, libdeflate (Linux x86_64) compression, OpenSSL 3.x.x (Linux x86_64) ciphers
[17:16:59] [main/WARN] [com.velocitypowered.proxy.config.VelocityConfiguration]: The proxy is running in offline mode! This is a security risk and you will NOT receive any support!
[17:16:59] [main/INFO] [com.velocitypowered.proxy.VelocityServer]: Loading localizations...
[17:16:59] [main/INFO] [com.velocitypowered.proxy.VelocityServer]: Loading plugins...
[17:16:59] [main/INFO] [com.velocitypowered.proxy.plugin.VelocityPluginManager]: Loaded plugin authmevelocity 4.2.0 by xQuickGlare, 4drian3d
[17:16:59] [main/INFO] [com.velocitypowered.proxy.plugin.VelocityPluginManager]: Loaded plugin skinsrestorer 15.10.2 by knat, AlexProgrammerDE, Blackfire62, McLive
[17:16:59] [main/INFO] [com.velocitypowered.proxy.VelocityServer]: Loaded 3 plugins
[17:17:00] [AuthMeVelocity - Task Executor #0/INFO] [authmevelocity]:  --- AuthMeVelocity ---
[17:17:00] [AuthMeVelocity - Task Executor #0/INFO] [authmevelocity]: AuthServers: [lobby]
[17:17:01] [Netty epoll Boss #0/INFO] [com.velocitypowered.proxy.network.ConnectionManager]: Listening on /[0:0:0:0:0:0:0:0]:25565
[17:17:01] [main/INFO] [com.velocitypowered.proxy.Velocity]: Done (3.28s)!
[17:17:02] [SkinsRestorer - Task Executor #0/INFO] [skinsrestorer]: ----------------------------------------------
[17:17:02] [SkinsRestorer - Task Executor #0/INFO] [skinsrestorer]:     +==================+
[17:17:02] [SkinsRestorer - Task Executor #0/INFO] [skinsrestorer]:     |   SkinsRestorer  |
[17:17:02] [SkinsRestorer - Task Executor #0/INFO] [skinsrestorer]:     |------------------|
[17:17:02] [SkinsRestorer - Task Executor #0/INFO] [skinsrestorer]:     +==================+
[17:17:02] [SkinsRestorer - Task Executor #0/INFO] [skinsrestorer]: ----------------------------------------------
[17:17:02] [SkinsRestorer - Task Executor #0/INFO] [skinsrestorer]:     Version: 15.10.2
[17:17:02] [SkinsRestorer - Task Executor #0/INFO] [skinsrestorer]:     Commit: 5fb8cc7
[17:17:02] [SkinsRestorer - Task Executor #0/INFO] [skinsrestorer]:     A new version (15.11.0) is available!
[17:17:02] [SkinsRestorer - Task Executor #0/INFO] [skinsrestorer]:     https://modrinth.com/plugin/skinsrestorer/version/15.11.0
[17:17:02] [SkinsRestorer - Task Executor #0/INFO] [skinsrestorer]: ----------------------------------------------
[17:17:02] [SkinsRestorer - Task Executor #0/INFO] [skinsrestorer]: Do you have issues? Read our troubleshooting guide: https://skinsrestorer.net/docs/troubleshooting
[17:17:02] [SkinsRestorer - Task Executor #0/INFO] [skinsrestorer]: Want to support SkinsRestorer? Consider donating: https://skinsrestorer.net/donate
[17:24:19] [Thread-2/INFO] [com.velocitypowered.proxy.VelocityServer]: Shutting down the proxy...
[17:24:19] [Thread-2/INFO] [com.velocitypowered.proxy.network.ConnectionManager]: Closing endpoint /0.0.0.0:25565
